<?xml version="1.0" encoding="UTF-8"?>
<!-- Generated by org.testng.reporters.JUnitReportReporter -->
<testsuite hostname="Lenovo-PC" name="com.test.SimpleTest" tests="1" failures="0" timestamp="15 Jul 2015 15:28:38 GMT" time="24.471" errors="0">
  <testcase name="searchForItemTest" time="24.471" classname="com.test.SimpleTest"/>
</testsuite> <!-- com.test.SimpleTest -->
